<?xml version="1.0" encoding="UTF-8"?>
<!-- Generated by org.testng.reporters.JUnitXMLReporter -->
<testsuite hostname="DESKTOP-4UQ254A" ignored="0" name="Default test" tests="3" failures="0" timestamp="13 Nov 2021 13:32:44 GMT" time="10.365" errors="0">
  <testcase name="dropDown" time="0.013" classname="com.org.acn.Flipkart"/>
  <testcase name="mobileSearch" time="1.735" classname="com.org.acn.Flipkart"/>
  <testcase name="windowHandling" time="0.015" classname="com.org.acn.Flipkart"/>
</testsuite> <!-- Default test -->
